<?xml version="1.0" encoding="UTF-8"?>
<coverage generated="1709679368434" clover="3.2.0">
  <project timestamp="1709679368434" name="All files">
    <metrics statements="14" coveredstatements="14" conditionals="4" coveredconditionals="4" methods="6" coveredmethods="6" elements="24" coveredelements="24" complexity="0" loc="14" ncloc="14" packages="1" files="1" classes="1"/>
    <file name="graph.js" path="/Users/kimmykokonut/epicodus/computer-science/graph-theory/src/graph.js">
      <metrics statements="14" coveredstatements="14" conditionals="4" coveredconditionals="4" methods="6" coveredmethods="6"/>
      <line num="3" count="8" type="stmt"/>
      <line num="6" count="8" type="stmt"/>
      <line num="9" count="2" type="cond" truecount="2" falsecount="0"/>
      <line num="10" count="1" type="stmt"/>
      <line num="12" count="1" type="stmt"/>
      <line num="15" count="2" type="stmt"/>
      <line num="16" count="2" type="stmt"/>
      <line num="17" count="2" type="stmt"/>
      <line num="18" count="2" type="stmt"/>
      <line num="22" count="3" type="cond" truecount="2" falsecount="0"/>
      <line num="23" count="1" type="stmt"/>
      <line num="25" count="2" type="stmt"/>
      <line num="28" count="1" type="stmt"/>
      <line num="29" count="1" type="stmt"/>
    </file>
  </project>
</coverage>
