TN:
SF:/Users/kimmykokonut/epicodus/computer-science/graph-theory/src/graph.js
FN:2,(anonymous_0)
FN:5,(anonymous_1)
FN:8,(anonymous_2)
FN:14,(anonymous_3)
FN:21,(anonymous_4)
FN:27,(anonymous_5)
FN:31,(anonymous_6)
FN:33,(anonymous_7)
FN:39,(anonymous_8)
FN:52,(anonymous_9)
FNF:10
FNH:10
FNDA:10,(anonymous_0)
FNDA:19,(anonymous_1)
FNDA:3,(anonymous_2)
FNDA:11,(anonymous_3)
FNDA:5,(anonymous_4)
FNDA:1,(anonymous_5)
FNDA:1,(anonymous_6)
FNDA:2,(anonymous_7)
FNDA:3,(anonymous_8)
FNDA:8,(anonymous_9)
DA:3,10
DA:6,19
DA:9,3
DA:10,1
DA:12,2
DA:15,11
DA:16,11
DA:17,11
DA:18,11
DA:22,5
DA:23,1
DA:25,4
DA:28,1
DA:29,1
DA:32,1
DA:33,1
DA:34,2
DA:36,1
DA:40,3
DA:41,2
DA:43,1
DA:44,1
DA:45,1
DA:46,5
DA:47,5
DA:48,1
DA:50,4
DA:51,4
DA:52,4
DA:53,8
DA:54,5
LF:31
LH:31
BRDA:9,0,0,1
BRDA:9,0,1,2
BRDA:22,1,0,1
BRDA:22,1,1,4
BRDA:32,2,0,1
BRDA:32,2,1,0
BRDA:40,3,0,2
BRDA:40,3,1,1
BRDA:40,4,0,3
BRDA:40,4,1,2
BRDA:47,5,0,1
BRDA:47,5,1,4
BRDA:53,6,0,5
BRDA:53,6,1,3
BRF:14
BRH:13
end_of_record
